<?xml version="1.0" encoding="UTF-8"?>
<coverage generated="1620436410488" clover="3.2.0">
  <project timestamp="1620436410488" name="All files">
    <metrics statements="172" coveredstatements="172" conditionals="42" coveredconditionals="42" methods="25" coveredmethods="25" elements="239" coveredelements="239" complexity="0" loc="172" ncloc="172" packages="1" files="1" classes="1"/>
    <file name="JsArray2Ex.js" path="/sda1/rescript-js-array2-ex/lib/js/src/JsArray2Ex.js">
      <metrics statements="172" coveredstatements="172" conditionals="42" coveredconditionals="42" methods="25" coveredmethods="25"/>
      <line num="4" count="1" type="stmt"/>
      <line num="5" count="1" type="stmt"/>
      <line num="6" count="1" type="stmt"/>
      <line num="7" count="1" type="stmt"/>
      <line num="8" count="1" type="stmt"/>
      <line num="10" count="1" type="stmt"/>
      <line num="12" count="1" type="stmt"/>
      <line num="15" count="11" type="stmt"/>
      <line num="16" count="11" type="stmt"/>
      <line num="17" count="11" type="cond" truecount="2" falsecount="0"/>
      <line num="18" count="2" type="stmt"/>
      <line num="24" count="9" type="cond" truecount="2" falsecount="0"/>
      <line num="25" count="1" type="stmt"/>
      <line num="27" count="8" type="cond" truecount="2" falsecount="0"/>
      <line num="28" count="1" type="stmt"/>
      <line num="29" count="1" type="stmt"/>
      <line num="31" count="7" type="stmt"/>
      <line num="32" count="7" type="stmt"/>
      <line num="33" count="16" type="stmt"/>
      <line num="34" count="16" type="stmt"/>
      <line num="35" count="16" type="stmt"/>
      <line num="37" count="7" type="cond" truecount="2" falsecount="0"/>
      <line num="38" count="5" type="stmt"/>
      <line num="39" count="5" type="stmt"/>
      <line num="41" count="7" type="stmt"/>
      <line num="45" count="4" type="stmt"/>
      <line num="46" count="4" type="cond" truecount="2" falsecount="0"/>
      <line num="47" count="1" type="stmt"/>
      <line num="49" count="3" type="stmt"/>
      <line num="50" count="3" type="stmt"/>
      <line num="51" count="18" type="stmt"/>
      <line num="52" count="18" type="stmt"/>
      <line num="53" count="18" type="stmt"/>
      <line num="54" count="21" type="stmt"/>
      <line num="57" count="18" type="cond" truecount="2" falsecount="0"/>
      <line num="58" count="10" type="stmt"/>
      <line num="59" count="10" type="stmt"/>
      <line num="64" count="8" type="stmt"/>
      <line num="70" count="3" type="stmt"/>
      <line num="74" count="3" type="stmt"/>
      <line num="75" count="3" type="stmt"/>
      <line num="76" count="3" type="stmt"/>
      <line num="77" count="3" type="stmt"/>
      <line num="78" count="7" type="stmt"/>
      <line num="79" count="7" type="stmt"/>
      <line num="80" count="7" type="cond" truecount="2" falsecount="0"/>
      <line num="81" count="3" type="stmt"/>
      <line num="83" count="4" type="stmt"/>
      <line num="84" count="4" type="stmt"/>
      <line num="85" count="4" type="stmt"/>
      <line num="86" count="4" type="stmt"/>
      <line num="87" count="4" type="stmt"/>
      <line num="90" count="3" type="stmt"/>
      <line num="91" count="3" type="stmt"/>
      <line num="95" count="4" type="stmt"/>
      <line num="96" count="4" type="stmt"/>
      <line num="97" count="4" type="stmt"/>
      <line num="98" count="4" type="stmt"/>
      <line num="99" count="4" type="stmt"/>
      <line num="100" count="21" type="stmt"/>
      <line num="101" count="21" type="stmt"/>
      <line num="102" count="21" type="cond" truecount="2" falsecount="0"/>
      <line num="103" count="4" type="stmt"/>
      <line num="105" count="17" type="stmt"/>
      <line num="106" count="17" type="stmt"/>
      <line num="107" count="17" type="stmt"/>
      <line num="108" count="17" type="stmt"/>
      <line num="109" count="17" type="stmt"/>
      <line num="112" count="4" type="stmt"/>
      <line num="113" count="4" type="stmt"/>
      <line num="117" count="2" type="stmt"/>
      <line num="118" count="2" type="stmt"/>
      <line num="119" count="2" type="stmt"/>
      <line num="120" count="17" type="stmt"/>
      <line num="121" count="17" type="stmt"/>
      <line num="122" count="17" type="cond" truecount="2" falsecount="0"/>
      <line num="123" count="2" type="stmt"/>
      <line num="125" count="15" type="stmt"/>
      <line num="126" count="15" type="stmt"/>
      <line num="127" count="15" type="stmt"/>
      <line num="130" count="2" type="stmt"/>
      <line num="131" count="2" type="stmt"/>
      <line num="135" count="2" type="stmt"/>
      <line num="136" count="2" type="cond" truecount="2" falsecount="0"/>
      <line num="137" count="1" type="stmt"/>
      <line num="142" count="1" type="stmt"/>
      <line num="143" count="1" type="stmt"/>
      <line num="144" count="1" type="stmt"/>
      <line num="145" count="10" type="stmt"/>
      <line num="146" count="10" type="stmt"/>
      <line num="147" count="10" type="stmt"/>
      <line num="149" count="1" type="stmt"/>
      <line num="156" count="2" type="stmt"/>
      <line num="157" count="2" type="cond" truecount="2" falsecount="0"/>
      <line num="158" count="1" type="stmt"/>
      <line num="163" count="1" type="stmt"/>
      <line num="164" count="1" type="stmt"/>
      <line num="165" count="1" type="stmt"/>
      <line num="166" count="10" type="stmt"/>
      <line num="167" count="10" type="stmt"/>
      <line num="168" count="10" type="stmt"/>
      <line num="170" count="1" type="stmt"/>
      <line num="177" count="10" type="stmt"/>
      <line num="178" count="10" type="stmt"/>
      <line num="179" count="10" type="stmt"/>
      <line num="180" count="43" type="stmt"/>
      <line num="181" count="43" type="stmt"/>
      <line num="182" count="67" type="stmt"/>
      <line num="185" count="43" type="cond" truecount="2" falsecount="0"/>
      <line num="188" count="22" type="stmt"/>
      <line num="191" count="10" type="stmt"/>
      <line num="195" count="9" type="stmt"/>
      <line num="196" count="9" type="stmt"/>
      <line num="197" count="9" type="stmt"/>
      <line num="198" count="9" type="stmt"/>
      <line num="199" count="47" type="stmt"/>
      <line num="200" count="47" type="stmt"/>
      <line num="201" count="47" type="stmt"/>
      <line num="202" count="57" type="stmt"/>
      <line num="205" count="47" type="cond" truecount="2" falsecount="0"/>
      <line num="208" count="18" type="stmt"/>
      <line num="209" count="18" type="stmt"/>
      <line num="212" count="9" type="stmt"/>
      <line num="216" count="3" type="stmt"/>
      <line num="217" count="3" type="stmt"/>
      <line num="218" count="3" type="stmt"/>
      <line num="219" count="11" type="stmt"/>
      <line num="220" count="11" type="stmt"/>
      <line num="221" count="11" type="stmt"/>
      <line num="222" count="12" type="stmt"/>
      <line num="225" count="11" type="cond" truecount="2" falsecount="0"/>
      <line num="226" count="7" type="stmt"/>
      <line num="227" count="7" type="stmt"/>
      <line num="229" count="4" type="stmt"/>
      <line num="235" count="3" type="stmt"/>
      <line num="239" count="2" type="stmt"/>
      <line num="243" count="5" type="stmt"/>
      <line num="244" count="5" type="stmt"/>
      <line num="245" count="5" type="cond" truecount="2" falsecount="0"/>
      <line num="246" count="7" type="stmt"/>
      <line num="248" count="5" type="stmt"/>
      <line num="249" count="5" type="cond" truecount="2" falsecount="0"/>
      <line num="250" count="3" type="stmt"/>
      <line num="252" count="2" type="stmt"/>
      <line num="257" count="4" type="cond" truecount="2" falsecount="0"/>
      <line num="258" count="1" type="stmt"/>
      <line num="260" count="3" type="cond" truecount="2" falsecount="0"/>
      <line num="261" count="1" type="stmt"/>
      <line num="267" count="2" type="cond" truecount="2" falsecount="0"/>
      <line num="268" count="1" type="stmt"/>
      <line num="274" count="1" type="stmt"/>
      <line num="278" count="3" type="stmt"/>
      <line num="279" count="3" type="cond" truecount="2" falsecount="0"/>
      <line num="280" count="1" type="stmt"/>
      <line num="282" count="2" type="stmt"/>
      <line num="283" count="2" type="cond" truecount="2" falsecount="0"/>
      <line num="284" count="1" type="stmt"/>
      <line num="286" count="2" type="stmt"/>
      <line num="289" count="1" type="stmt"/>
      <line num="290" count="1" type="stmt"/>
      <line num="291" count="1" type="stmt"/>
      <line num="292" count="1" type="stmt"/>
      <line num="293" count="1" type="stmt"/>
      <line num="294" count="1" type="stmt"/>
      <line num="295" count="1" type="stmt"/>
      <line num="296" count="1" type="stmt"/>
      <line num="297" count="1" type="stmt"/>
      <line num="298" count="1" type="stmt"/>
      <line num="299" count="1" type="stmt"/>
      <line num="300" count="1" type="stmt"/>
      <line num="301" count="1" type="stmt"/>
      <line num="302" count="1" type="stmt"/>
    </file>
  </project>
</coverage>
