{"/sda1/rescript-js-array2-ex/lib/js/src/JsArray2Ex.js": {"path":"/sda1/rescript-js-array2-ex/lib/js/src/JsArray2Ex.js","statementMap":{"0":{"start":{"line":4,"column":12},"end":{"line":4,"column":50}},"1":{"start":{"line":5,"column":15},"end":{"line":5,"column":56}},"2":{"start":{"line":6,"column":17},"end":{"line":6,"column":60}},"3":{"start":{"line":7,"column":17},"end":{"line":7,"column":60}},"4":{"start":{"line":8,"column":22},"end":{"line":8,"column":70}},"5":{"start":{"line":10,"column":38},"end":{"line":10,"column":91}},"6":{"start":{"line":12,"column":39},"end":{"line":12,"column":93}},"7":{"start":{"line":15,"column":15},"end":{"line":15,"column":17}},"8":{"start":{"line":16,"column":12},"end":{"line":16,"column":22}},"9":{"start":{"line":17,"column":2},"end":{"line":23,"column":3}},"10":{"start":{"line":18,"column":4},"end":{"line":22,"column":10}},"11":{"start":{"line":24,"column":2},"end":{"line":26,"column":3}},"12":{"start":{"line":25,"column":4},"end":{"line":25,"column":18}},"13":{"start":{"line":27,"column":2},"end":{"line":30,"column":3}},"14":{"start":{"line":28,"column":4},"end":{"line":28,"column":29}},"15":{"start":{"line":29,"column":4},"end":{"line":29,"column":18}},"16":{"start":{"line":31,"column":19},"end":{"line":31,"column":65}},"17":{"start":{"line":32,"column":2},"end":{"line":36,"column":3}},"18":{"start":{"line":32,"column":14},"end":{"line":32,"column":15}},"19":{"start":{"line":32,"column":28},"end":{"line":32,"column":58}},"20":{"start":{"line":33,"column":16},"end":{"line":33,"column":39}},"21":{"start":{"line":34,"column":15},"end":{"line":34,"column":36}},"22":{"start":{"line":35,"column":4},"end":{"line":35,"column":40}},"23":{"start":{"line":37,"column":2},"end":{"line":40,"column":3}},"24":{"start":{"line":38,"column":18},"end":{"line":38,"column":58}},"25":{"start":{"line":39,"column":4},"end":{"line":39,"column":41}},"26":{"start":{"line":41,"column":2},"end":{"line":41,"column":16}},"27":{"start":{"line":45,"column":12},"end":{"line":45,"column":22}},"28":{"start":{"line":46,"column":2},"end":{"line":48,"column":3}},"29":{"start":{"line":47,"column":4},"end":{"line":47,"column":14}},"30":{"start":{"line":49,"column":15},"end":{"line":49,"column":17}},"31":{"start":{"line":50,"column":2},"end":{"line":69,"column":3}},"32":{"start":{"line":50,"column":14},"end":{"line":50,"column":15}},"33":{"start":{"line":51,"column":14},"end":{"line":51,"column":58}},"34":{"start":{"line":52,"column":14},"end":{"line":56,"column":16}},"35":{"start":{"line":53,"column":8},"end":{"line":55,"column":9}},"36":{"start":{"line":54,"column":10},"end":{"line":54,"column":48}},"37":{"start":{"line":57,"column":4},"end":{"line":68,"column":5}},"38":{"start":{"line":58,"column":18},"end":{"line":58,"column":45}},"39":{"start":{"line":59,"column":6},"end":{"line":62,"column":13}},"40":{"start":{"line":64,"column":6},"end":{"line":67,"column":13}},"41":{"start":{"line":70,"column":2},"end":{"line":70,"column":16}},"42":{"start":{"line":74,"column":12},"end":{"line":74,"column":22}},"43":{"start":{"line":75,"column":15},"end":{"line":75,"column":29}},"44":{"start":{"line":76,"column":13},"end":{"line":89,"column":3}},"45":{"start":{"line":77,"column":4},"end":{"line":88,"column":5}},"46":{"start":{"line":78,"column":18},"end":{"line":78,"column":24}},"47":{"start":{"line":79,"column":14},"end":{"line":79,"column":16}},"48":{"start":{"line":80,"column":6},"end":{"line":82,"column":7}},"49":{"start":{"line":81,"column":8},"end":{"line":81,"column":16}},"50":{"start":{"line":83,"column":21},"end":{"line":83,"column":68}},"51":{"start":{"line":84,"column":6},"end":{"line":84,"column":28}},"52":{"start":{"line":85,"column":6},"end":{"line":85,"column":24}},"53":{"start":{"line":86,"column":6},"end":{"line":86,"column":21}},"54":{"start":{"line":87,"column":6},"end":{"line":87,"column":16}},"55":{"start":{"line":90,"column":2},"end":{"line":90,"column":24}},"56":{"start":{"line":91,"column":2},"end":{"line":91,"column":16}},"57":{"start":{"line":95,"column":12},"end":{"line":95,"column":22}},"58":{"start":{"line":96,"column":15},"end":{"line":96,"column":37}},"59":{"start":{"line":97,"column":2},"end":{"line":97,"column":44}},"60":{"start":{"line":98,"column":13},"end":{"line":111,"column":3}},"61":{"start":{"line":99,"column":4},"end":{"line":110,"column":5}},"62":{"start":{"line":100,"column":18},"end":{"line":100,"column":24}},"63":{"start":{"line":101,"column":14},"end":{"line":101,"column":16}},"64":{"start":{"line":102,"column":6},"end":{"line":104,"column":7}},"65":{"start":{"line":103,"column":8},"end":{"line":103,"column":16}},"66":{"start":{"line":105,"column":21},"end":{"line":105,"column":68}},"67":{"start":{"line":106,"column":6},"end":{"line":106,"column":42}},"68":{"start":{"line":107,"column":6},"end":{"line":107,"column":24}},"69":{"start":{"line":108,"column":6},"end":{"line":108,"column":21}},"70":{"start":{"line":109,"column":6},"end":{"line":109,"column":16}},"71":{"start":{"line":112,"column":2},"end":{"line":112,"column":34}},"72":{"start":{"line":113,"column":2},"end":{"line":113,"column":16}},"73":{"start":{"line":117,"column":15},"end":{"line":117,"column":17}},"74":{"start":{"line":118,"column":13},"end":{"line":129,"column":3}},"75":{"start":{"line":119,"column":4},"end":{"line":128,"column":5}},"76":{"start":{"line":120,"column":14},"end":{"line":120,"column":16}},"77":{"start":{"line":121,"column":18},"end":{"line":121,"column":40}},"78":{"start":{"line":122,"column":6},"end":{"line":124,"column":7}},"79":{"start":{"line":123,"column":8},"end":{"line":123,"column":16}},"80":{"start":{"line":125,"column":6},"end":{"line":125,"column":28}},"81":{"start":{"line":126,"column":6},"end":{"line":126,"column":20}},"82":{"start":{"line":127,"column":6},"end":{"line":127,"column":16}},"83":{"start":{"line":130,"column":2},"end":{"line":130,"column":14}},"84":{"start":{"line":131,"column":2},"end":{"line":131,"column":16}},"85":{"start":{"line":135,"column":12},"end":{"line":135,"column":22}},"86":{"start":{"line":136,"column":2},"end":{"line":141,"column":3}},"87":{"start":{"line":137,"column":4},"end":{"line":140,"column":12}},"88":{"start":{"line":142,"column":15},"end":{"line":142,"column":29}},"89":{"start":{"line":143,"column":12},"end":{"line":143,"column":17}},"90":{"start":{"line":144,"column":2},"end":{"line":148,"column":3}},"91":{"start":{"line":144,"column":14},"end":{"line":144,"column":15}},"92":{"start":{"line":145,"column":16},"end":{"line":145,"column":62}},"93":{"start":{"line":146,"column":4},"end":{"line":146,"column":40}},"94":{"start":{"line":147,"column":4},"end":{"line":147,"column":19}},"95":{"start":{"line":149,"column":2},"end":{"line":152,"column":10}},"96":{"start":{"line":156,"column":12},"end":{"line":156,"column":22}},"97":{"start":{"line":157,"column":2},"end":{"line":162,"column":3}},"98":{"start":{"line":158,"column":4},"end":{"line":161,"column":12}},"99":{"start":{"line":163,"column":15},"end":{"line":163,"column":29}},"100":{"start":{"line":164,"column":12},"end":{"line":164,"column":17}},"101":{"start":{"line":165,"column":2},"end":{"line":169,"column":3}},"102":{"start":{"line":165,"column":14},"end":{"line":165,"column":25}},"103":{"start":{"line":166,"column":16},"end":{"line":166,"column":62}},"104":{"start":{"line":167,"column":4},"end":{"line":167,"column":40}},"105":{"start":{"line":168,"column":4},"end":{"line":168,"column":19}},"106":{"start":{"line":170,"column":2},"end":{"line":173,"column":10}},"107":{"start":{"line":177,"column":15},"end":{"line":177,"column":17}},"108":{"start":{"line":178,"column":12},"end":{"line":178,"column":22}},"109":{"start":{"line":179,"column":2},"end":{"line":190,"column":3}},"110":{"start":{"line":179,"column":14},"end":{"line":179,"column":15}},"111":{"start":{"line":180,"column":16},"end":{"line":184,"column":14}},"112":{"start":{"line":181,"column":8},"end":{"line":183,"column":9}},"113":{"start":{"line":182,"column":10},"end":{"line":182,"column":64}},"114":{"start":{"line":185,"column":4},"end":{"line":189,"column":5}},"115":{"start":{"line":188,"column":6},"end":{"line":188,"column":42}},"116":{"start":{"line":191,"column":2},"end":{"line":191,"column":16}},"117":{"start":{"line":195,"column":15},"end":{"line":195,"column":17}},"118":{"start":{"line":196,"column":13},"end":{"line":196,"column":15}},"119":{"start":{"line":197,"column":12},"end":{"line":197,"column":22}},"120":{"start":{"line":198,"column":2},"end":{"line":211,"column":3}},"121":{"start":{"line":198,"column":14},"end":{"line":198,"column":15}},"122":{"start":{"line":199,"column":14},"end":{"line":199,"column":58}},"123":{"start":{"line":200,"column":16},"end":{"line":204,"column":16}},"124":{"start":{"line":201,"column":8},"end":{"line":203,"column":9}},"125":{"start":{"line":202,"column":10},"end":{"line":202,"column":45}},"126":{"start":{"line":205,"column":4},"end":{"line":210,"column":5}},"127":{"start":{"line":208,"column":6},"end":{"line":208,"column":42}},"128":{"start":{"line":209,"column":6},"end":{"line":209,"column":21}},"129":{"start":{"line":212,"column":2},"end":{"line":212,"column":16}},"130":{"start":{"line":216,"column":12},"end":{"line":216,"column":22}},"131":{"start":{"line":217,"column":15},"end":{"line":217,"column":17}},"132":{"start":{"line":218,"column":2},"end":{"line":234,"column":3}},"133":{"start":{"line":218,"column":14},"end":{"line":218,"column":15}},"134":{"start":{"line":219,"column":14},"end":{"line":219,"column":58}},"135":{"start":{"line":220,"column":14},"end":{"line":224,"column":16}},"136":{"start":{"line":221,"column":8},"end":{"line":223,"column":9}},"137":{"start":{"line":222,"column":10},"end":{"line":222,"column":52}},"138":{"start":{"line":225,"column":4},"end":{"line":233,"column":5}},"139":{"start":{"line":226,"column":18},"end":{"line":226,"column":45}},"140":{"start":{"line":227,"column":6},"end":{"line":227,"column":44}},"141":{"start":{"line":229,"column":6},"end":{"line":232,"column":13}},"142":{"start":{"line":235,"column":2},"end":{"line":235,"column":16}},"143":{"start":{"line":239,"column":2},"end":{"line":239,"column":26}},"144":{"start":{"line":243,"column":12},"end":{"line":243,"column":22}},"145":{"start":{"line":244,"column":10},"end":{"line":244,"column":11}},"146":{"start":{"line":245,"column":2},"end":{"line":247,"column":3}},"147":{"start":{"line":246,"column":4},"end":{"line":246,"column":18}},"148":{"start":{"line":248,"column":14},"end":{"line":248,"column":25}},"149":{"start":{"line":249,"column":2},"end":{"line":253,"column":3}},"150":{"start":{"line":250,"column":4},"end":{"line":250,"column":24}},"151":{"start":{"line":252,"column":4},"end":{"line":252,"column":14}},"152":{"start":{"line":257,"column":2},"end":{"line":259,"column":3}},"153":{"start":{"line":258,"column":4},"end":{"line":258,"column":14}},"154":{"start":{"line":260,"column":2},"end":{"line":266,"column":3}},"155":{"start":{"line":261,"column":4},"end":{"line":265,"column":10}},"156":{"start":{"line":267,"column":2},"end":{"line":273,"column":3}},"157":{"start":{"line":268,"column":4},"end":{"line":272,"column":10}},"158":{"start":{"line":274,"column":2},"end":{"line":274,"column":29}},"159":{"start":{"line":278,"column":12},"end":{"line":278,"column":22}},"160":{"start":{"line":279,"column":2},"end":{"line":281,"column":3}},"161":{"start":{"line":280,"column":4},"end":{"line":280,"column":14}},"162":{"start":{"line":282,"column":14},"end":{"line":282,"column":15}},"163":{"start":{"line":283,"column":2},"end":{"line":285,"column":3}},"164":{"start":{"line":284,"column":4},"end":{"line":284,"column":26}},"165":{"start":{"line":286,"column":2},"end":{"line":286,"column":29}},"166":{"start":{"line":289,"column":0},"end":{"line":289,"column":34}},"167":{"start":{"line":290,"column":0},"end":{"line":290,"column":26}},"168":{"start":{"line":291,"column":0},"end":{"line":291,"column":20}},"169":{"start":{"line":292,"column":0},"end":{"line":292,"column":30}},"170":{"start":{"line":293,"column":0},"end":{"line":293,"column":24}},"171":{"start":{"line":294,"column":0},"end":{"line":294,"column":26}},"172":{"start":{"line":295,"column":0},"end":{"line":295,"column":36}},"173":{"start":{"line":296,"column":0},"end":{"line":296,"column":28}},"174":{"start":{"line":297,"column":0},"end":{"line":297,"column":32}},"175":{"start":{"line":298,"column":0},"end":{"line":298,"column":26}},"176":{"start":{"line":299,"column":0},"end":{"line":299,"column":20}},"177":{"start":{"line":300,"column":0},"end":{"line":300,"column":30}},"178":{"start":{"line":301,"column":0},"end":{"line":301,"column":20}},"179":{"start":{"line":302,"column":0},"end":{"line":302,"column":30}}},"fnMap":{"0":{"name":"chunkBySize","decl":{"start":{"line":14,"column":9},"end":{"line":14,"column":20}},"loc":{"start":{"line":14,"column":37},"end":{"line":42,"column":1}},"line":14},"1":{"name":"countBy","decl":{"start":{"line":44,"column":9},"end":{"line":44,"column":16}},"loc":{"start":{"line":44,"column":34},"end":{"line":71,"column":1}},"line":44},"2":{"name":"(anonymous_2)","decl":{"start":{"line":52,"column":32},"end":{"line":52,"column":33}},"loc":{"start":{"line":52,"column":45},"end":{"line":56,"column":9}},"line":52},"3":{"name":"(anonymous_3)","decl":{"start":{"line":53,"column":15},"end":{"line":53,"column":16}},"loc":{"start":{"line":53,"column":28},"end":{"line":55,"column":9}},"line":53},"4":{"name":"scan","decl":{"start":{"line":73,"column":9},"end":{"line":73,"column":13}},"loc":{"start":{"line":73,"column":41},"end":{"line":92,"column":1}},"line":73},"5":{"name":"(anonymous_5)","decl":{"start":{"line":76,"column":13},"end":{"line":76,"column":14}},"loc":{"start":{"line":76,"column":35},"end":{"line":89,"column":3}},"line":76},"6":{"name":"scanRight","decl":{"start":{"line":94,"column":9},"end":{"line":94,"column":18}},"loc":{"start":{"line":94,"column":46},"end":{"line":114,"column":1}},"line":94},"7":{"name":"(anonymous_7)","decl":{"start":{"line":98,"column":13},"end":{"line":98,"column":14}},"loc":{"start":{"line":98,"column":35},"end":{"line":111,"column":3}},"line":98},"8":{"name":"unfold","decl":{"start":{"line":116,"column":9},"end":{"line":116,"column":15}},"loc":{"start":{"line":116,"column":34},"end":{"line":132,"column":1}},"line":116},"9":{"name":"(anonymous_9)","decl":{"start":{"line":118,"column":13},"end":{"line":118,"column":14}},"loc":{"start":{"line":118,"column":27},"end":{"line":129,"column":3}},"line":118},"10":{"name":"mapFold","decl":{"start":{"line":134,"column":9},"end":{"line":134,"column":16}},"loc":{"start":{"line":134,"column":38},"end":{"line":153,"column":1}},"line":134},"11":{"name":"mapFoldRight","decl":{"start":{"line":155,"column":9},"end":{"line":155,"column":21}},"loc":{"start":{"line":155,"column":43},"end":{"line":174,"column":1}},"line":155},"12":{"name":"distinct","decl":{"start":{"line":176,"column":9},"end":{"line":176,"column":17}},"loc":{"start":{"line":176,"column":23},"end":{"line":192,"column":1}},"line":176},"13":{"name":"(anonymous_13)","decl":{"start":{"line":180,"column":34},"end":{"line":180,"column":35}},"loc":{"start":{"line":180,"column":45},"end":{"line":184,"column":9}},"line":180},"14":{"name":"(anonymous_14)","decl":{"start":{"line":181,"column":15},"end":{"line":181,"column":16}},"loc":{"start":{"line":181,"column":28},"end":{"line":183,"column":9}},"line":181},"15":{"name":"distinctBy","decl":{"start":{"line":194,"column":9},"end":{"line":194,"column":19}},"loc":{"start":{"line":194,"column":37},"end":{"line":213,"column":1}},"line":194},"16":{"name":"(anonymous_16)","decl":{"start":{"line":200,"column":32},"end":{"line":200,"column":33}},"loc":{"start":{"line":200,"column":45},"end":{"line":204,"column":9}},"line":200},"17":{"name":"(anonymous_17)","decl":{"start":{"line":201,"column":15},"end":{"line":201,"column":16}},"loc":{"start":{"line":201,"column":28},"end":{"line":203,"column":9}},"line":201},"18":{"name":"groupBy","decl":{"start":{"line":215,"column":9},"end":{"line":215,"column":16}},"loc":{"start":{"line":215,"column":34},"end":{"line":236,"column":1}},"line":215},"19":{"name":"(anonymous_19)","decl":{"start":{"line":220,"column":32},"end":{"line":220,"column":33}},"loc":{"start":{"line":220,"column":45},"end":{"line":224,"column":9}},"line":220},"20":{"name":"(anonymous_20)","decl":{"start":{"line":221,"column":15},"end":{"line":221,"column":16}},"loc":{"start":{"line":221,"column":32},"end":{"line":223,"column":9}},"line":221},"21":{"name":"skip","decl":{"start":{"line":238,"column":9},"end":{"line":238,"column":13}},"loc":{"start":{"line":238,"column":26},"end":{"line":240,"column":1}},"line":238},"22":{"name":"skipWhile","decl":{"start":{"line":242,"column":9},"end":{"line":242,"column":18}},"loc":{"start":{"line":242,"column":35},"end":{"line":254,"column":1}},"line":242},"23":{"name":"take","decl":{"start":{"line":256,"column":9},"end":{"line":256,"column":13}},"loc":{"start":{"line":256,"column":26},"end":{"line":275,"column":1}},"line":256},"24":{"name":"takeWhile","decl":{"start":{"line":277,"column":9},"end":{"line":277,"column":18}},"loc":{"start":{"line":277,"column":35},"end":{"line":287,"column":1}},"line":277}},"branchMap":{"0":{"loc":{"start":{"line":17,"column":2},"end":{"line":23,"column":3}},"type":"if","locations":[{"start":{"line":17,"column":2},"end":{"line":23,"column":3}},{"start":{"line":17,"column":2},"end":{"line":23,"column":3}}],"line":17},"1":{"loc":{"start":{"line":24,"column":2},"end":{"line":26,"column":3}},"type":"if","locations":[{"start":{"line":24,"column":2},"end":{"line":26,"column":3}},{"start":{"line":24,"column":2},"end":{"line":26,"column":3}}],"line":24},"2":{"loc":{"start":{"line":27,"column":2},"end":{"line":30,"column":3}},"type":"if","locations":[{"start":{"line":27,"column":2},"end":{"line":30,"column":3}},{"start":{"line":27,"column":2},"end":{"line":30,"column":3}}],"line":27},"3":{"loc":{"start":{"line":37,"column":2},"end":{"line":40,"column":3}},"type":"if","locations":[{"start":{"line":37,"column":2},"end":{"line":40,"column":3}},{"start":{"line":37,"column":2},"end":{"line":40,"column":3}}],"line":37},"4":{"loc":{"start":{"line":46,"column":2},"end":{"line":48,"column":3}},"type":"if","locations":[{"start":{"line":46,"column":2},"end":{"line":48,"column":3}},{"start":{"line":46,"column":2},"end":{"line":48,"column":3}}],"line":46},"5":{"loc":{"start":{"line":57,"column":4},"end":{"line":68,"column":5}},"type":"if","locations":[{"start":{"line":57,"column":4},"end":{"line":68,"column":5}},{"start":{"line":57,"column":4},"end":{"line":68,"column":5}}],"line":57},"6":{"loc":{"start":{"line":80,"column":6},"end":{"line":82,"column":7}},"type":"if","locations":[{"start":{"line":80,"column":6},"end":{"line":82,"column":7}},{"start":{"line":80,"column":6},"end":{"line":82,"column":7}}],"line":80},"7":{"loc":{"start":{"line":102,"column":6},"end":{"line":104,"column":7}},"type":"if","locations":[{"start":{"line":102,"column":6},"end":{"line":104,"column":7}},{"start":{"line":102,"column":6},"end":{"line":104,"column":7}}],"line":102},"8":{"loc":{"start":{"line":122,"column":6},"end":{"line":124,"column":7}},"type":"if","locations":[{"start":{"line":122,"column":6},"end":{"line":124,"column":7}},{"start":{"line":122,"column":6},"end":{"line":124,"column":7}}],"line":122},"9":{"loc":{"start":{"line":136,"column":2},"end":{"line":141,"column":3}},"type":"if","locations":[{"start":{"line":136,"column":2},"end":{"line":141,"column":3}},{"start":{"line":136,"column":2},"end":{"line":141,"column":3}}],"line":136},"10":{"loc":{"start":{"line":157,"column":2},"end":{"line":162,"column":3}},"type":"if","locations":[{"start":{"line":157,"column":2},"end":{"line":162,"column":3}},{"start":{"line":157,"column":2},"end":{"line":162,"column":3}}],"line":157},"11":{"loc":{"start":{"line":185,"column":4},"end":{"line":189,"column":5}},"type":"if","locations":[{"start":{"line":185,"column":4},"end":{"line":189,"column":5}},{"start":{"line":185,"column":4},"end":{"line":189,"column":5}}],"line":185},"12":{"loc":{"start":{"line":205,"column":4},"end":{"line":210,"column":5}},"type":"if","locations":[{"start":{"line":205,"column":4},"end":{"line":210,"column":5}},{"start":{"line":205,"column":4},"end":{"line":210,"column":5}}],"line":205},"13":{"loc":{"start":{"line":225,"column":4},"end":{"line":233,"column":5}},"type":"if","locations":[{"start":{"line":225,"column":4},"end":{"line":233,"column":5}},{"start":{"line":225,"column":4},"end":{"line":233,"column":5}}],"line":225},"14":{"loc":{"start":{"line":245,"column":8},"end":{"line":245,"column":62}},"type":"binary-expr","locations":[{"start":{"line":245,"column":8},"end":{"line":245,"column":15}},{"start":{"line":245,"column":19},"end":{"line":245,"column":62}}],"line":245},"15":{"loc":{"start":{"line":249,"column":2},"end":{"line":253,"column":3}},"type":"if","locations":[{"start":{"line":249,"column":2},"end":{"line":253,"column":3}},{"start":{"line":249,"column":2},"end":{"line":253,"column":3}}],"line":249},"16":{"loc":{"start":{"line":257,"column":2},"end":{"line":259,"column":3}},"type":"if","locations":[{"start":{"line":257,"column":2},"end":{"line":259,"column":3}},{"start":{"line":257,"column":2},"end":{"line":259,"column":3}}],"line":257},"17":{"loc":{"start":{"line":260,"column":2},"end":{"line":266,"column":3}},"type":"if","locations":[{"start":{"line":260,"column":2},"end":{"line":266,"column":3}},{"start":{"line":260,"column":2},"end":{"line":266,"column":3}}],"line":260},"18":{"loc":{"start":{"line":267,"column":2},"end":{"line":273,"column":3}},"type":"if","locations":[{"start":{"line":267,"column":2},"end":{"line":273,"column":3}},{"start":{"line":267,"column":2},"end":{"line":273,"column":3}}],"line":267},"19":{"loc":{"start":{"line":279,"column":2},"end":{"line":281,"column":3}},"type":"if","locations":[{"start":{"line":279,"column":2},"end":{"line":281,"column":3}},{"start":{"line":279,"column":2},"end":{"line":281,"column":3}}],"line":279},"20":{"loc":{"start":{"line":283,"column":8},"end":{"line":283,"column":70}},"type":"binary-expr","locations":[{"start":{"line":283,"column":8},"end":{"line":283,"column":19}},{"start":{"line":283,"column":23},"end":{"line":283,"column":70}}],"line":283}},"s":{"0":1,"1":1,"2":1,"3":1,"4":1,"5":1,"6":1,"7":11,"8":11,"9":11,"10":2,"11":9,"12":1,"13":8,"14":1,"15":1,"16":7,"17":7,"18":7,"19":7,"20":16,"21":16,"22":16,"23":7,"24":5,"25":5,"26":7,"27":4,"28":4,"29":1,"30":3,"31":3,"32":3,"33":18,"34":18,"35":18,"36":21,"37":18,"38":10,"39":10,"40":8,"41":3,"42":3,"43":3,"44":3,"45":3,"46":7,"47":7,"48":7,"49":3,"50":4,"51":4,"52":4,"53":4,"54":4,"55":3,"56":3,"57":4,"58":4,"59":4,"60":4,"61":4,"62":21,"63":21,"64":21,"65":4,"66":17,"67":17,"68":17,"69":17,"70":17,"71":4,"72":4,"73":2,"74":2,"75":2,"76":17,"77":17,"78":17,"79":2,"80":15,"81":15,"82":15,"83":2,"84":2,"85":2,"86":2,"87":1,"88":1,"89":1,"90":1,"91":1,"92":10,"93":10,"94":10,"95":1,"96":2,"97":2,"98":1,"99":1,"100":1,"101":1,"102":1,"103":10,"104":10,"105":10,"106":1,"107":10,"108":10,"109":10,"110":10,"111":43,"112":43,"113":67,"114":43,"115":22,"116":10,"117":9,"118":9,"119":9,"120":9,"121":9,"122":47,"123":47,"124":47,"125":57,"126":47,"127":18,"128":18,"129":9,"130":3,"131":3,"132":3,"133":3,"134":11,"135":11,"136":11,"137":12,"138":11,"139":7,"140":7,"141":4,"142":3,"143":2,"144":5,"145":5,"146":5,"147":7,"148":5,"149":5,"150":3,"151":2,"152":4,"153":1,"154":3,"155":1,"156":2,"157":1,"158":1,"159":3,"160":3,"161":1,"162":2,"163":2,"164":1,"165":2,"166":1,"167":1,"168":1,"169":1,"170":1,"171":1,"172":1,"173":1,"174":1,"175":1,"176":1,"177":1,"178":1,"179":1},"f":{"0":11,"1":4,"2":18,"3":21,"4":3,"5":3,"6":4,"7":4,"8":2,"9":2,"10":2,"11":2,"12":10,"13":43,"14":67,"15":9,"16":47,"17":57,"18":3,"19":11,"20":12,"21":2,"22":5,"23":4,"24":3},"b":{"0":[2,9],"1":[1,8],"2":[1,7],"3":[5,2],"4":[1,3],"5":[10,8],"6":[3,4],"7":[4,17],"8":[2,15],"9":[1,1],"10":[1,1],"11":[21,22],"12":[29,18],"13":[7,4],"14":[12,10],"15":[3,2],"16":[1,3],"17":[1,2],"18":[1,1],"19":[1,2],"20":[3,3]},"_coverageSchema":"1a1c01bbd47fc00a2c39e90264f33305004495a9","hash":"bb04b566fe4bfad1edc9e7696d71a3b0a57debc7"}
}
