TN:
SF:lib/js/src/JsArray2Ex.js
FN:14,chunkBySize
FN:44,countBy
FN:52,(anonymous_2)
FN:53,(anonymous_3)
FN:73,scan
FN:76,(anonymous_5)
FN:94,scanRight
FN:98,(anonymous_7)
FN:116,unfold
FN:118,(anonymous_9)
FN:134,mapFold
FN:155,mapFoldRight
FN:176,distinct
FN:180,(anonymous_13)
FN:181,(anonymous_14)
FN:194,distinctBy
FN:200,(anonymous_16)
FN:201,(anonymous_17)
FN:215,groupBy
FN:220,(anonymous_19)
FN:221,(anonymous_20)
FN:238,skip
FN:242,skipWhile
FN:256,take
FN:277,takeWhile
FNF:25
FNH:25
FNDA:11,chunkBySize
FNDA:4,countBy
FNDA:18,(anonymous_2)
FNDA:21,(anonymous_3)
FNDA:3,scan
FNDA:3,(anonymous_5)
FNDA:4,scanRight
FNDA:4,(anonymous_7)
FNDA:2,unfold
FNDA:2,(anonymous_9)
FNDA:2,mapFold
FNDA:2,mapFoldRight
FNDA:10,distinct
FNDA:43,(anonymous_13)
FNDA:67,(anonymous_14)
FNDA:9,distinctBy
FNDA:47,(anonymous_16)
FNDA:57,(anonymous_17)
FNDA:3,groupBy
FNDA:11,(anonymous_19)
FNDA:12,(anonymous_20)
FNDA:2,skip
FNDA:5,skipWhile
FNDA:4,take
FNDA:3,takeWhile
DA:4,1
DA:5,1
DA:6,1
DA:7,1
DA:8,1
DA:10,1
DA:12,1
DA:15,11
DA:16,11
DA:17,11
DA:18,2
DA:24,9
DA:25,1
DA:27,8
DA:28,1
DA:29,1
DA:31,7
DA:32,7
DA:33,16
DA:34,16
DA:35,16
DA:37,7
DA:38,5
DA:39,5
DA:41,7
DA:45,4
DA:46,4
DA:47,1
DA:49,3
DA:50,3
DA:51,18
DA:52,18
DA:53,18
DA:54,21
DA:57,18
DA:58,10
DA:59,10
DA:64,8
DA:70,3
DA:74,3
DA:75,3
DA:76,3
DA:77,3
DA:78,7
DA:79,7
DA:80,7
DA:81,3
DA:83,4
DA:84,4
DA:85,4
DA:86,4
DA:87,4
DA:90,3
DA:91,3
DA:95,4
DA:96,4
DA:97,4
DA:98,4
DA:99,4
DA:100,21
DA:101,21
DA:102,21
DA:103,4
DA:105,17
DA:106,17
DA:107,17
DA:108,17
DA:109,17
DA:112,4
DA:113,4
DA:117,2
DA:118,2
DA:119,2
DA:120,17
DA:121,17
DA:122,17
DA:123,2
DA:125,15
DA:126,15
DA:127,15
DA:130,2
DA:131,2
DA:135,2
DA:136,2
DA:137,1
DA:142,1
DA:143,1
DA:144,1
DA:145,10
DA:146,10
DA:147,10
DA:149,1
DA:156,2
DA:157,2
DA:158,1
DA:163,1
DA:164,1
DA:165,1
DA:166,10
DA:167,10
DA:168,10
DA:170,1
DA:177,10
DA:178,10
DA:179,10
DA:180,43
DA:181,43
DA:182,67
DA:185,43
DA:188,22
DA:191,10
DA:195,9
DA:196,9
DA:197,9
DA:198,9
DA:199,47
DA:200,47
DA:201,47
DA:202,57
DA:205,47
DA:208,18
DA:209,18
DA:212,9
DA:216,3
DA:217,3
DA:218,3
DA:219,11
DA:220,11
DA:221,11
DA:222,12
DA:225,11
DA:226,7
DA:227,7
DA:229,4
DA:235,3
DA:239,2
DA:243,5
DA:244,5
DA:245,5
DA:246,7
DA:248,5
DA:249,5
DA:250,3
DA:252,2
DA:257,4
DA:258,1
DA:260,3
DA:261,1
DA:267,2
DA:268,1
DA:274,1
DA:278,3
DA:279,3
DA:280,1
DA:282,2
DA:283,2
DA:284,1
DA:286,2
DA:289,1
DA:290,1
DA:291,1
DA:292,1
DA:293,1
DA:294,1
DA:295,1
DA:296,1
DA:297,1
DA:298,1
DA:299,1
DA:300,1
DA:301,1
DA:302,1
LF:172
LH:172
BRDA:17,0,0,2
BRDA:17,0,1,9
BRDA:24,1,0,1
BRDA:24,1,1,8
BRDA:27,2,0,1
BRDA:27,2,1,7
BRDA:37,3,0,5
BRDA:37,3,1,2
BRDA:46,4,0,1
BRDA:46,4,1,3
BRDA:57,5,0,10
BRDA:57,5,1,8
BRDA:80,6,0,3
BRDA:80,6,1,4
BRDA:102,7,0,4
BRDA:102,7,1,17
BRDA:122,8,0,2
BRDA:122,8,1,15
BRDA:136,9,0,1
BRDA:136,9,1,1
BRDA:157,10,0,1
BRDA:157,10,1,1
BRDA:185,11,0,21
BRDA:185,11,1,22
BRDA:205,12,0,29
BRDA:205,12,1,18
BRDA:225,13,0,7
BRDA:225,13,1,4
BRDA:245,14,0,12
BRDA:245,14,1,10
BRDA:249,15,0,3
BRDA:249,15,1,2
BRDA:257,16,0,1
BRDA:257,16,1,3
BRDA:260,17,0,1
BRDA:260,17,1,2
BRDA:267,18,0,1
BRDA:267,18,1,1
BRDA:279,19,0,1
BRDA:279,19,1,2
BRDA:283,20,0,3
BRDA:283,20,1,3
BRF:42
BRH:42
end_of_record
